Determining if the pthread_create exist failed with the following output:
Change Dir: /usr/src/projects/cs130/mrjk-web-server/build/CMakeFiles/CMakeTmp

Run Build Command:"/usr/bin/make" "cmTC_7d89d/fast"
/usr/bin/make -f CMakeFiles/cmTC_7d89d.dir/build.make CMakeFiles/cmTC_7d89d.dir/build
make[1]: Entering directory '/usr/src/projects/cs130/mrjk-web-server/build/CMakeFiles/CMakeTmp'
Building C object CMakeFiles/cmTC_7d89d.dir/CheckSymbolExists.c.o
/usr/bin/cc    -o CMakeFiles/cmTC_7d89d.dir/CheckSymbolExists.c.o   -c /usr/src/projects/cs130/mrjk-web-server/build/CMakeFiles/CMakeTmp/CheckSymbolExists.c
Linking C executable cmTC_7d89d
/usr/bin/cmake -E cmake_link_script CMakeFiles/cmTC_7d89d.dir/link.txt --verbose=1
/usr/bin/cc      -rdynamic CMakeFiles/cmTC_7d89d.dir/CheckSymbolExists.c.o  -o cmTC_7d89d 
CMakeFiles/cmTC_7d89d.dir/CheckSymbolExists.c.o: In function `main':
CheckSymbolExists.c:(.text+0x1b): undefined reference to `pthread_create'
collect2: error: ld returned 1 exit status
CMakeFiles/cmTC_7d89d.dir/build.make:97: recipe for target 'cmTC_7d89d' failed
make[1]: *** [cmTC_7d89d] Error 1
make[1]: Leaving directory '/usr/src/projects/cs130/mrjk-web-server/build/CMakeFiles/CMakeTmp'
Makefile:126: recipe for target 'cmTC_7d89d/fast' failed
make: *** [cmTC_7d89d/fast] Error 2

File /usr/src/projects/cs130/mrjk-web-server/build/CMakeFiles/CMakeTmp/CheckSymbolExists.c:
/* */
#include <pthread.h>

int main(int argc, char** argv)
{
  (void)argv;
#ifndef pthread_create
  return ((int*)(&pthread_create))[argc];
#else
  (void)argc;
  return 0;
#endif
}

Determining if the function pthread_create exists in the pthreads failed with the following output:
Change Dir: /usr/src/projects/cs130/mrjk-web-server/build/CMakeFiles/CMakeTmp

Run Build Command:"/usr/bin/make" "cmTC_30503/fast"
/usr/bin/make -f CMakeFiles/cmTC_30503.dir/build.make CMakeFiles/cmTC_30503.dir/build
make[1]: Entering directory '/usr/src/projects/cs130/mrjk-web-server/build/CMakeFiles/CMakeTmp'
Building C object CMakeFiles/cmTC_30503.dir/CheckFunctionExists.c.o
/usr/bin/cc   -DCHECK_FUNCTION_EXISTS=pthread_create   -o CMakeFiles/cmTC_30503.dir/CheckFunctionExists.c.o   -c /usr/share/cmake-3.10/Modules/CheckFunctionExists.c
Linking C executable cmTC_30503
/usr/bin/cmake -E cmake_link_script CMakeFiles/cmTC_30503.dir/link.txt --verbose=1
/usr/bin/cc  -DCHECK_FUNCTION_EXISTS=pthread_create    -rdynamic CMakeFiles/cmTC_30503.dir/CheckFunctionExists.c.o  -o cmTC_30503 -lpthreads 
/usr/bin/ld: cannot find -lpthreads
collect2: error: ld returned 1 exit status
CMakeFiles/cmTC_30503.dir/build.make:97: recipe for target 'cmTC_30503' failed
make[1]: *** [cmTC_30503] Error 1
make[1]: Leaving directory '/usr/src/projects/cs130/mrjk-web-server/build/CMakeFiles/CMakeTmp'
Makefile:126: recipe for target 'cmTC_30503/fast' failed
make: *** [cmTC_30503/fast] Error 2


